<?xml version="1.0" encoding="UTF-8"?>
<!-- Generated by org.testng.reporters.JUnitReportReporter -->
<testsuite hostname="DAVID-PC" failures="0" tests="4" name="tests.testCases" time="42.191" errors="0" timestamp="2024-01-26T01:44:18 IST" skipped="0">
  <testcase classname="tests.testCases" name="selectQuantity" time="14.448"/>
  <testcase classname="tests.testCases" name="selectProduct" time="22.941"/>
  <testcase classname="tests.testCases" name="searchProducts" time="1.778"/>
  <testcase classname="tests.testCases" name="goTo" time="3.024"/>
</testsuite> <!-- tests.testCases -->
